Using pre-set license
Built from '2020.3/staging' branch; Version is '2020.3.26f1 (7298b473bc1a) revision 7510196'; Using compiler version '192528614'; Build Type 'Release'
OS: 'Windows 10  (10.0.18363) 64bit Professional' Language: 'en' Physical Memory: 16324 MB
BatchMode: 1, IsHumanControllingUs: 0, StartBugReporterOnCrash: 0, Is64bit: 1, IsPro: 0

COMMAND LINE ARGUMENTS:
C:\Program Files\Unity\Hub\Editor\2020.3.26f1\Editor\Unity.exe
-adb2
-batchMode
-noUpm
-name
AssetImportWorker0
-projectPath
C:/Users/ethan.VERIPRAISE/Documents/GitHub/Unity_Group_Project/PvP
-logFile
Logs/AssetImportWorker0.log
-srvPort
61532
Successfully changed project path to: C:/Users/ethan.VERIPRAISE/Documents/GitHub/Unity_Group_Project/PvP
C:/Users/ethan.VERIPRAISE/Documents/GitHub/Unity_Group_Project/PvP
Using Asset Import Pipeline V2.
Refreshing native plugins compatible for Editor in 66.57 ms, found 3 plugins.
Preloading 0 native plugins for Editor in 0.00 ms.
Initialize engine version: 2020.3.26f1 (7298b473bc1a)
[Subsystems] Discovering subsystems at path C:/Program Files/Unity/Hub/Editor/2020.3.26f1/Editor/Data/Resources/UnitySubsystems
[Subsystems] Discovering subsystems at path C:/Users/ethan.VERIPRAISE/Documents/GitHub/Unity_Group_Project/PvP/Assets
GfxDevice: creating device client; threaded=0
Direct3D:
    Version:  Direct3D 11.0 [level 11.1]
    Renderer: NVIDIA GeForce GTX 980 Ti (ID=0x17c8)
    Vendor:   
    VRAM:     6097 MB
    Driver:   27.21.14.6172
Initialize mono
Mono path[0] = 'C:/Program Files/Unity/Hub/Editor/2020.3.26f1/Editor/Data/Managed'
Mono path[1] = 'C:/Program Files/Unity/Hub/Editor/2020.3.26f1/Editor/Data/MonoBleedingEdge/lib/mono/unityjit'
Mono config path = 'C:/Program Files/Unity/Hub/Editor/2020.3.26f1/Editor/Data/MonoBleedingEdge/etc'
Using monoOptions --debugger-agent=transport=dt_socket,embedding=1,server=y,suspend=n,address=127.0.0.1:56836
Begin MonoManager ReloadAssembly
Registering precompiled unity dll's ...
Register platform support module: C:/Program Files/Unity/Hub/Editor/2020.3.26f1/Editor/Data/PlaybackEngines/WebGLSupport/UnityEditor.WebGL.Extensions.dll
Register platform support module: C:/Program Files/Unity/Hub/Editor/2020.3.26f1/Editor/Data/PlaybackEngines/WindowsStandaloneSupport/UnityEditor.WindowsStandalone.Extensions.dll
Registered in 0.003011 seconds.
Native extension for WindowsStandalone target not found
Native extension for WebGL target not found
Refreshing native plugins compatible for Editor in 62.00 ms, found 3 plugins.
Preloading 0 native plugins for Editor in 0.00 ms.
Mono: successfully reloaded assembly
- Completed reload, in  0.651 seconds
Domain Reload Profiling:
	ReloadAssembly (651ms)
		BeginReloadAssembly (60ms)
			ExecutionOrderSort (0ms)
			DisableScriptedObjects (0ms)
			BackupInstance (0ms)
			ReleaseScriptingObjects (0ms)
			CreateAndSetChildDomain (1ms)
		EndReloadAssembly (509ms)
			LoadAssemblies (57ms)
			RebuildTransferFunctionScriptingTraits (0ms)
			SetupTypeCache (159ms)
			ReleaseScriptCaches (0ms)
			RebuildScriptCaches (33ms)
			SetupLoadedEditorAssemblies (203ms)
				LogAssemblyErrors (0ms)
				InitializePlatformSupportModulesInManaged (6ms)
				SetLoadedEditorAssemblies (0ms)
				RefreshPlugins (62ms)
				BeforeProcessingInitializeOnLoad (11ms)
				ProcessInitializeOnLoadAttributes (93ms)
				ProcessInitializeOnLoadMethodAttributes (31ms)
				AfterProcessingInitializeOnLoad (0ms)
				EditorAssembliesLoaded (0ms)
			ExecutionOrderSort2 (0ms)
			AwakeInstancesAfterBackupRestoration (0ms)
Platform modules already initialized, skipping
Registering precompiled user dll's ...
Registered in 0.004216 seconds.
Begin MonoManager ReloadAssembly
Symbol file LoadedFromMemory doesn't match image C:\Users\ethan.VERIPRAISE\Documents\GitHub\Unity_Group_Project\PvP\Library\PackageCache\com.unity.collab-proxy@1.15.15\Lib\Editor\PlasticSCM\unityplastic.dll
Native extension for WindowsStandalone target not found
Native extension for WebGL target not found
Refreshing native plugins compatible for Editor in 64.76 ms, found 3 plugins.
Preloading 0 native plugins for Editor in 0.00 ms.
Mono: successfully reloaded assembly
- Completed reload, in  1.365 seconds
Domain Reload Profiling:
	ReloadAssembly (1366ms)
		BeginReloadAssembly (156ms)
			ExecutionOrderSort (0ms)
			DisableScriptedObjects (5ms)
			BackupInstance (0ms)
			ReleaseScriptingObjects (0ms)
			CreateAndSetChildDomain (18ms)
		EndReloadAssembly (1138ms)
			LoadAssemblies (106ms)
			RebuildTransferFunctionScriptingTraits (0ms)
			SetupTypeCache (345ms)
			ReleaseScriptCaches (1ms)
			RebuildScriptCaches (68ms)
			SetupLoadedEditorAssemblies (479ms)
				LogAssemblyErrors (0ms)
				InitializePlatformSupportModulesInManaged (5ms)
				SetLoadedEditorAssemblies (0ms)
				RefreshPlugins (65ms)
				BeforeProcessingInitializeOnLoad (93ms)
				ProcessInitializeOnLoadAttributes (286ms)
				ProcessInitializeOnLoadMethodAttributes (21ms)
				AfterProcessingInitializeOnLoad (9ms)
				EditorAssembliesLoaded (0ms)
			ExecutionOrderSort2 (0ms)
			AwakeInstancesAfterBackupRestoration (7ms)
Platform modules already initialized, skipping
========================================================================
Worker process is ready to serve import requests
Launched and connected shader compiler UnityShaderCompiler.exe after 0.04 seconds
Refreshing native plugins compatible for Editor in 0.73 ms, found 3 plugins.
Preloading 0 native plugins for Editor in 0.00 ms.
Unloading 2818 Unused Serialized files (Serialized files now loaded: 0)
System memory in use before: 118.3 MB.
System memory in use after: 118.4 MB.

Unloading 29 unused Assets to reduce memory usage. Loaded Objects now: 3255.
Total: 3.421900 ms (FindLiveObjects: 0.222400 ms CreateObjectMapping: 0.119900 ms MarkObjects: 3.006800 ms  DeleteObjects: 0.071100 ms)

AssetImportParameters requested are different than current active one (requested -> active):
  custom:framework-win-MediaFoundation: 216162199b28c13a410421893ffa2e32 -> 
  custom:video-decoder-ogg-theora: a1e56fd34408186e4bbccfd4996cb3dc -> 
  custom:container-muxer-webm: aa71ff27fc2769a1b78a27578f13a17b -> 
  custom:container-demuxer-webm: 4f35f7cbe854078d1ac9338744f61a02 -> 
  custom:container-demuxer-ogg: 62fdf1f143b41e24485cea50d1cbac27 -> 
  custom:video-encoder-webm-vp8: eb34c28f22e8b96e1ab97ce403110664 -> 
  custom:video-decoder-webm-vp8: 9c59270c3fd7afecdb556c50c9e8de78 -> 
  custom:audio-decoder-ogg-vorbis: bf7c407c2cedff20999df2af8eb42d56 -> 
  custom:audio-encoder-webm-vorbis: bf7c407c2cedff20999df2af8eb42d56 -> 
========================================================================
Received Import Request.
  path: Assets/Scenes/SampleScene.unity
  artifactKey: Guid(2cda990e2423bbf4892e6590ba056729) Importer(815301076,1909f56bfc062723c751e8b465ee728b)
Start importing Assets/Scenes/SampleScene.unity using Guid(2cda990e2423bbf4892e6590ba056729) Importer(815301076,1909f56bfc062723c751e8b465ee728b)  -> (artifact id: '9cbdf9048a35f5b684086e2bad553f2c') in 0.015897 seconds 
  Import took 0.020355 seconds .

========================================================================
Received Import Request.
  Time since last request: 0.598861 seconds.
  path: Assets/Input System/InputSystem.inputsettings.asset
  artifactKey: Guid(d3023fe7cea873e47b7a8eed7e6dd658) Importer(815301076,1909f56bfc062723c751e8b465ee728b)
Start importing Assets/Input System/InputSystem.inputsettings.asset using Guid(d3023fe7cea873e47b7a8eed7e6dd658) Importer(815301076,1909f56bfc062723c751e8b465ee728b)  -> (artifact id: '44971c0c16cc59421417be8277f11bc5') in 0.020711 seconds 
  Import took 0.025173 seconds .

========================================================================
Received Import Request.
  Time since last request: 0.000188 seconds.
  path: Assets/Input System/PvP.inputactions
  artifactKey: Guid(70d8b719cdf591b40bc2bccfad0136d8) Importer(815301076,1909f56bfc062723c751e8b465ee728b)
Start importing Assets/Input System/PvP.inputactions using Guid(70d8b719cdf591b40bc2bccfad0136d8) Importer(815301076,1909f56bfc062723c751e8b465ee728b)  -> (artifact id: 'fe245b2f709af9636326b87a08284421') in 0.016682 seconds 
  Import took 0.020659 seconds .

========================================================================
Received Import Request.
  Time since last request: 0.846794 seconds.
  path: Assets/Prefabs/Bullets.prefab
  artifactKey: Guid(fee214ebe8cbff344bcc5de4b2351985) Importer(815301076,1909f56bfc062723c751e8b465ee728b)
Start importing Assets/Prefabs/Bullets.prefab using Guid(fee214ebe8cbff344bcc5de4b2351985) Importer(815301076,1909f56bfc062723c751e8b465ee728b)  -> (artifact id: 'ce153d0a7eadffce7c7c5205e5847be8') in 0.072672 seconds 
  Import took 0.077067 seconds .

========================================================================
Received Import Request.
  Time since last request: 0.000246 seconds.
  path: Assets/Prefabs/Player (One).prefab
  artifactKey: Guid(5f9be19c16c1e0840b4a7a7e30334f11) Importer(815301076,1909f56bfc062723c751e8b465ee728b)
Start importing Assets/Prefabs/Player (One).prefab using Guid(5f9be19c16c1e0840b4a7a7e30334f11) Importer(815301076,1909f56bfc062723c751e8b465ee728b)  -> (artifact id: 'f7ee3a4f9efe89e2f6d270fe111e1c2f') in 0.029686 seconds 
  Import took 0.033793 seconds .

========================================================================
Received Import Request.
  Time since last request: 60.369290 seconds.
  path: Assets/Scripts/Shooting.cs
  artifactKey: Guid(871e4df241185ea43bf6b87b688810d1) Importer(815301076,1909f56bfc062723c751e8b465ee728b)
Start importing Assets/Scripts/Shooting.cs using Guid(871e4df241185ea43bf6b87b688810d1) Importer(815301076,1909f56bfc062723c751e8b465ee728b)  -> (artifact id: '040ac516dafa67bd9b3673a2075083eb') in 0.012710 seconds 
  Import took 0.017257 seconds .

========================================================================
Received Prepare
Registering precompiled user dll's ...
Registered in 0.004175 seconds.
Begin MonoManager ReloadAssembly
Symbol file LoadedFromMemory doesn't match image C:\Users\ethan.VERIPRAISE\Documents\GitHub\Unity_Group_Project\PvP\Library\PackageCache\com.unity.collab-proxy@1.15.15\Lib\Editor\PlasticSCM\unityplastic.dll
Native extension for WindowsStandalone target not found
Native extension for WebGL target not found
Refreshing native plugins compatible for Editor in 0.77 ms, found 3 plugins.
Preloading 0 native plugins for Editor in 0.00 ms.
Mono: successfully reloaded assembly
- Completed reload, in  1.258 seconds
Domain Reload Profiling:
	ReloadAssembly (1259ms)
		BeginReloadAssembly (134ms)
			ExecutionOrderSort (0ms)
			DisableScriptedObjects (8ms)
			BackupInstance (0ms)
			ReleaseScriptingObjects (0ms)
			CreateAndSetChildDomain (43ms)
		EndReloadAssembly (1051ms)
			LoadAssemblies (108ms)
			RebuildTransferFunctionScriptingTraits (0ms)
			SetupTypeCache (354ms)
			ReleaseScriptCaches (1ms)
			RebuildScriptCaches (56ms)
			SetupLoadedEditorAssemblies (406ms)
				LogAssemblyErrors (0ms)
				InitializePlatformSupportModulesInManaged (6ms)
				SetLoadedEditorAssemblies (1ms)
				RefreshPlugins (1ms)
				BeforeProcessingInitializeOnLoad (81ms)
				ProcessInitializeOnLoadAttributes (292ms)
				ProcessInitializeOnLoadMethodAttributes (17ms)
				AfterProcessingInitializeOnLoad (9ms)
				EditorAssembliesLoaded (0ms)
			ExecutionOrderSort2 (0ms)
			AwakeInstancesAfterBackupRestoration (10ms)
Platform modules already initialized, skipping
Refreshing native plugins compatible for Editor in 0.74 ms, found 3 plugins.
Preloading 0 native plugins for Editor in 0.00 ms.
Unloading 2804 Unused Serialized files (Serialized files now loaded: 0)
System memory in use before: 120.6 MB.
System memory in use after: 120.8 MB.

Unloading 16 unused Assets to reduce memory usage. Loaded Objects now: 3265.
Total: 3.397700 ms (FindLiveObjects: 0.249800 ms CreateObjectMapping: 0.114800 ms MarkObjects: 3.015300 ms  DeleteObjects: 0.016500 ms)

AssetImportParameters requested are different than current active one (requested -> active):
  custom:framework-win-MediaFoundation: 216162199b28c13a410421893ffa2e32 -> 
  custom:video-decoder-ogg-theora: a1e56fd34408186e4bbccfd4996cb3dc -> 
  custom:container-muxer-webm: aa71ff27fc2769a1b78a27578f13a17b -> 
  custom:container-demuxer-webm: 4f35f7cbe854078d1ac9338744f61a02 -> 
  custom:container-demuxer-ogg: 62fdf1f143b41e24485cea50d1cbac27 -> 
  custom:video-encoder-webm-vp8: eb34c28f22e8b96e1ab97ce403110664 -> 
  custom:video-decoder-webm-vp8: 9c59270c3fd7afecdb556c50c9e8de78 -> 
  custom:audio-decoder-ogg-vorbis: bf7c407c2cedff20999df2af8eb42d56 -> 
  custom:audio-encoder-webm-vorbis: bf7c407c2cedff20999df2af8eb42d56 -> 
========================================================================
Received Import Request.
  Time since last request: 277.645827 seconds.
  path: Assets/Prefabs/Player (One).prefab
  artifactKey: Guid(5f9be19c16c1e0840b4a7a7e30334f11) Importer(815301076,1909f56bfc062723c751e8b465ee728b)
Start importing Assets/Prefabs/Player (One).prefab using Guid(5f9be19c16c1e0840b4a7a7e30334f11) Importer(815301076,1909f56bfc062723c751e8b465ee728b)  -> (artifact id: 'c538890c2778a4ceeff1a8abeb4579f0') in 0.079486 seconds 
  Import took 0.084131 seconds .

========================================================================
Received Prepare
Registering precompiled user dll's ...
Registered in 0.004457 seconds.
Begin MonoManager ReloadAssembly
Symbol file LoadedFromMemory doesn't match image C:\Users\ethan.VERIPRAISE\Documents\GitHub\Unity_Group_Project\PvP\Library\PackageCache\com.unity.collab-proxy@1.15.15\Lib\Editor\PlasticSCM\unityplastic.dll
Native extension for WindowsStandalone target not found
Native extension for WebGL target not found
Refreshing native plugins compatible for Editor in 0.76 ms, found 3 plugins.
Preloading 0 native plugins for Editor in 0.00 ms.
Mono: successfully reloaded assembly
- Completed reload, in  1.180 seconds
Domain Reload Profiling:
	ReloadAssembly (1180ms)
		BeginReloadAssembly (119ms)
			ExecutionOrderSort (0ms)
			DisableScriptedObjects (7ms)
			BackupInstance (0ms)
			ReleaseScriptingObjects (0ms)
			CreateAndSetChildDomain (37ms)
		EndReloadAssembly (991ms)
			LoadAssemblies (104ms)
			RebuildTransferFunctionScriptingTraits (0ms)
			SetupTypeCache (326ms)
			ReleaseScriptCaches (1ms)
			RebuildScriptCaches (53ms)
			SetupLoadedEditorAssemblies (385ms)
				LogAssemblyErrors (0ms)
				InitializePlatformSupportModulesInManaged (5ms)
				SetLoadedEditorAssemblies (1ms)
				RefreshPlugins (1ms)
				BeforeProcessingInitializeOnLoad (76ms)
				ProcessInitializeOnLoadAttributes (277ms)
				ProcessInitializeOnLoadMethodAttributes (16ms)
				AfterProcessingInitializeOnLoad (9ms)
				EditorAssembliesLoaded (0ms)
			ExecutionOrderSort2 (0ms)
			AwakeInstancesAfterBackupRestoration (10ms)
Platform modules already initialized, skipping
Refreshing native plugins compatible for Editor in 0.71 ms, found 3 plugins.
Preloading 0 native plugins for Editor in 0.00 ms.
Unloading 2804 Unused Serialized files (Serialized files now loaded: 0)
System memory in use before: 120.7 MB.
System memory in use after: 120.9 MB.

Unloading 16 unused Assets to reduce memory usage. Loaded Objects now: 3269.
Total: 3.311800 ms (FindLiveObjects: 0.218600 ms CreateObjectMapping: 0.107600 ms MarkObjects: 2.968400 ms  DeleteObjects: 0.015600 ms)

AssetImportParameters requested are different than current active one (requested -> active):
  custom:framework-win-MediaFoundation: 216162199b28c13a410421893ffa2e32 -> 
  custom:video-decoder-ogg-theora: a1e56fd34408186e4bbccfd4996cb3dc -> 
  custom:container-muxer-webm: aa71ff27fc2769a1b78a27578f13a17b -> 
  custom:container-demuxer-webm: 4f35f7cbe854078d1ac9338744f61a02 -> 
  custom:container-demuxer-ogg: 62fdf1f143b41e24485cea50d1cbac27 -> 
  custom:video-encoder-webm-vp8: eb34c28f22e8b96e1ab97ce403110664 -> 
  custom:video-decoder-webm-vp8: 9c59270c3fd7afecdb556c50c9e8de78 -> 
  custom:audio-decoder-ogg-vorbis: bf7c407c2cedff20999df2af8eb42d56 -> 
  custom:audio-encoder-webm-vorbis: bf7c407c2cedff20999df2af8eb42d56 -> 
========================================================================
Received Import Request.
  Time since last request: 33.631314 seconds.
  path: Assets/Prefabs/Player (One).prefab
  artifactKey: Guid(5f9be19c16c1e0840b4a7a7e30334f11) Importer(815301076,1909f56bfc062723c751e8b465ee728b)
Start importing Assets/Prefabs/Player (One).prefab using Guid(5f9be19c16c1e0840b4a7a7e30334f11) Importer(815301076,1909f56bfc062723c751e8b465ee728b)  -> (artifact id: '13612df154596ff1dfd87b08434ef809') in 0.074799 seconds 
  Import took 0.079210 seconds .

========================================================================
Received Import Request.
  Time since last request: 194.326024 seconds.
  path: Assets/Assets/Tiles
  artifactKey: Guid(9b60a4cf37e5c3c479ba685147b1f46b) Importer(815301076,1909f56bfc062723c751e8b465ee728b)
Start importing Assets/Assets/Tiles using Guid(9b60a4cf37e5c3c479ba685147b1f46b) Importer(815301076,1909f56bfc062723c751e8b465ee728b)  -> (artifact id: '8666ac5ec8c760faef4020b812ceade3') in 0.005161 seconds 
  Import took 0.010520 seconds .

========================================================================
Received Import Request.
  Time since last request: 0.053188 seconds.
  path: Assets/Assets/Tiles/Platforms Pallette.prefab
  artifactKey: Guid(d0020a5134d7e7e40a4a93ef9d822b81) Importer(815301076,1909f56bfc062723c751e8b465ee728b)
Start importing Assets/Assets/Tiles/Platforms Pallette.prefab using Guid(d0020a5134d7e7e40a4a93ef9d822b81) Importer(815301076,1909f56bfc062723c751e8b465ee728b)  -> (artifact id: 'fad037bcc2b92a16319f1412468fd58d') in 0.035587 seconds 
  Import took 0.040370 seconds .

========================================================================
Received Import Request.
  Time since last request: 0.000186 seconds.
  path: Assets/Assets/Tiles/SPA_Background brown tint_10.asset
  artifactKey: Guid(bde75f143b7ba6f4d80b2a49333a7438) Importer(815301076,1909f56bfc062723c751e8b465ee728b)
Start importing Assets/Assets/Tiles/SPA_Background brown tint_10.asset using Guid(bde75f143b7ba6f4d80b2a49333a7438) Importer(815301076,1909f56bfc062723c751e8b465ee728b)  -> (artifact id: 'ba418de5015d3c49fa54a05cef09c6e0') in 0.022804 seconds 
  Import took 0.026568 seconds .

========================================================================
Received Import Request.
  Time since last request: 0.000190 seconds.
  path: Assets/Assets/Tiles/SPA_Rock_Grass_Water_4.asset
  artifactKey: Guid(0d6483281b841f74d88c9fae4fb6810b) Importer(815301076,1909f56bfc062723c751e8b465ee728b)
Start importing Assets/Assets/Tiles/SPA_Rock_Grass_Water_4.asset using Guid(0d6483281b841f74d88c9fae4fb6810b) Importer(815301076,1909f56bfc062723c751e8b465ee728b)  -> (artifact id: 'a151d8ef3ba9f696096e59b3df0b26bb') in 0.009563 seconds 
  Import took 0.013447 seconds .

========================================================================
Received Import Request.
  Time since last request: 0.000173 seconds.
  path: Assets/Assets/Tiles/SPA_Rock_Grass_Water_22.asset
  artifactKey: Guid(ceac7e9363bb83e49a95c91b063be1e0) Importer(815301076,1909f56bfc062723c751e8b465ee728b)
Start importing Assets/Assets/Tiles/SPA_Rock_Grass_Water_22.asset using Guid(ceac7e9363bb83e49a95c91b063be1e0) Importer(815301076,1909f56bfc062723c751e8b465ee728b)  -> (artifact id: 'cb98c8b40bb5a859ab04b42703bf7655') in 0.009111 seconds 
  Import took 0.014625 seconds .

========================================================================
Received Import Request.
  Time since last request: 0.000195 seconds.
  path: Assets/Assets/Tiles/SPA_Rock_Grass_Water_6.asset
  artifactKey: Guid(88a22fe49458ae84481a1249f16a449a) Importer(815301076,1909f56bfc062723c751e8b465ee728b)
Start importing Assets/Assets/Tiles/SPA_Rock_Grass_Water_6.asset using Guid(88a22fe49458ae84481a1249f16a449a) Importer(815301076,1909f56bfc062723c751e8b465ee728b)  -> (artifact id: 'cec13f6bc91120946e2baf6a177499f3') in 0.008522 seconds 
  Import took 0.012570 seconds .

========================================================================
Received Import Request.
  Time since last request: 0.000216 seconds.
  path: Assets/Assets/Tiles/SPA_Rock_Grass_Water_9.asset
  artifactKey: Guid(50984f474f4f8f8468a1a255794b794e) Importer(815301076,1909f56bfc062723c751e8b465ee728b)
Start importing Assets/Assets/Tiles/SPA_Rock_Grass_Water_9.asset using Guid(50984f474f4f8f8468a1a255794b794e) Importer(815301076,1909f56bfc062723c751e8b465ee728b)  -> (artifact id: 'a95b02d08660c7121880fc309d2303cc') in 0.008643 seconds 
  Import took 0.012466 seconds .

========================================================================
Received Import Request.
  Time since last request: 0.000177 seconds.
  path: Assets/Assets/Tiles/SPA_Rock_Grass_Water_1.asset
  artifactKey: Guid(921cc822554bc38498e285b4250b294e) Importer(815301076,1909f56bfc062723c751e8b465ee728b)
Start importing Assets/Assets/Tiles/SPA_Rock_Grass_Water_1.asset using Guid(921cc822554bc38498e285b4250b294e) Importer(815301076,1909f56bfc062723c751e8b465ee728b)  -> (artifact id: '1f278a975fa055c3ffa9e4a61cc94022') in 0.008099 seconds 
  Import took 0.011864 seconds .

========================================================================
Received Import Request.
  Time since last request: 0.000200 seconds.
  path: Assets/Assets/Tiles/SPA_Background brown tint_7.asset
  artifactKey: Guid(70dcc74147413fd4287ad04c37437556) Importer(815301076,1909f56bfc062723c751e8b465ee728b)
Start importing Assets/Assets/Tiles/SPA_Background brown tint_7.asset using Guid(70dcc74147413fd4287ad04c37437556) Importer(815301076,1909f56bfc062723c751e8b465ee728b)  -> (artifact id: '3e6bd5940eb34e2da7d755f6ce21d6ee') in 0.008265 seconds 
  Import took 0.012176 seconds .

========================================================================
Received Import Request.
  Time since last request: 0.000170 seconds.
  path: Assets/Assets/Tiles/SPA_Background brown tint_8.asset
  artifactKey: Guid(b23c1a8fa23408941b73fb0ef93cb3e8) Importer(815301076,1909f56bfc062723c751e8b465ee728b)
Start importing Assets/Assets/Tiles/SPA_Background brown tint_8.asset using Guid(b23c1a8fa23408941b73fb0ef93cb3e8) Importer(815301076,1909f56bfc062723c751e8b465ee728b)  -> (artifact id: '61b4843dc542ac16a1039205f307e1ba') in 0.008208 seconds 
  Import took 0.012256 seconds .

========================================================================
Received Import Request.
  Time since last request: 0.000192 seconds.
  path: Assets/Assets/Tiles/SPA_Background brown tint_13.asset
  artifactKey: Guid(5c192e67615f1014f813e12f151afa78) Importer(815301076,1909f56bfc062723c751e8b465ee728b)
Start importing Assets/Assets/Tiles/SPA_Background brown tint_13.asset using Guid(5c192e67615f1014f813e12f151afa78) Importer(815301076,1909f56bfc062723c751e8b465ee728b)  -> (artifact id: '1d08df40782a6a128ff7e3e1457707bd') in 0.007993 seconds 
  Import took 0.011863 seconds .

========================================================================
Received Import Request.
  Time since last request: 0.000196 seconds.
  path: Assets/Assets/Tiles/SPA_Rock_Grass_Water_8.asset
  artifactKey: Guid(42c5f50d6fa6c9f41acfe3770e45cfc1) Importer(815301076,1909f56bfc062723c751e8b465ee728b)
Start importing Assets/Assets/Tiles/SPA_Rock_Grass_Water_8.asset using Guid(42c5f50d6fa6c9f41acfe3770e45cfc1) Importer(815301076,1909f56bfc062723c751e8b465ee728b)  -> (artifact id: '6438d3023ad17804e2e115e6c9c1500a') in 0.008436 seconds 
  Import took 0.012272 seconds .

========================================================================
Received Import Request.
  Time since last request: 0.000177 seconds.
  path: Assets/Assets/Tiles/SPA_Background brown tint_2.asset
  artifactKey: Guid(3949ccccddf750c48afa462e47a8096c) Importer(815301076,1909f56bfc062723c751e8b465ee728b)
Start importing Assets/Assets/Tiles/SPA_Background brown tint_2.asset using Guid(3949ccccddf750c48afa462e47a8096c) Importer(815301076,1909f56bfc062723c751e8b465ee728b)  -> (artifact id: 'e14eb677ecf828db4053ccc2acd54af6') in 0.009969 seconds 
  Import took 0.013782 seconds .

========================================================================
Received Import Request.
  Time since last request: 0.000203 seconds.
  path: Assets/Assets/Tiles/SPA_Background brown tint_0.asset
  artifactKey: Guid(f073601dc5c43b5449f1354982f7c91b) Importer(815301076,1909f56bfc062723c751e8b465ee728b)
Start importing Assets/Assets/Tiles/SPA_Background brown tint_0.asset using Guid(f073601dc5c43b5449f1354982f7c91b) Importer(815301076,1909f56bfc062723c751e8b465ee728b)  -> (artifact id: '43123387dface02184ef953cb1e49f91') in 0.008015 seconds 
  Import took 0.011926 seconds .

========================================================================
Received Import Request.
  Time since last request: 0.000182 seconds.
  path: Assets/Assets/Tiles/SPA_Ladder.asset
  artifactKey: Guid(250fd092f9e0bb148af59ee54c9b8941) Importer(815301076,1909f56bfc062723c751e8b465ee728b)
Start importing Assets/Assets/Tiles/SPA_Ladder.asset using Guid(250fd092f9e0bb148af59ee54c9b8941) Importer(815301076,1909f56bfc062723c751e8b465ee728b)  -> (artifact id: 'e3e649ba1661cc6e2fdfe33db0f0c99a') in 0.008469 seconds 
  Import took 0.012171 seconds .

========================================================================
Received Import Request.
  Time since last request: 0.000174 seconds.
  path: Assets/Assets/Tiles/SPA_Rock_Grass_Water_13.asset
  artifactKey: Guid(15a73cef1c500544f823553ded6743b7) Importer(815301076,1909f56bfc062723c751e8b465ee728b)
Start importing Assets/Assets/Tiles/SPA_Rock_Grass_Water_13.asset using Guid(15a73cef1c500544f823553ded6743b7) Importer(815301076,1909f56bfc062723c751e8b465ee728b)  -> (artifact id: '9d4ec3bbf2a0dac51e0406d7ee150848') in 0.008230 seconds 
  Import took 0.012239 seconds .

========================================================================
Received Import Request.
  Time since last request: 0.000183 seconds.
  path: Assets/Assets/Tiles/SPA_Rock_Grass_Water_3.asset
  artifactKey: Guid(f8cc102a28d62d146997f72b4adc4a6a) Importer(815301076,1909f56bfc062723c751e8b465ee728b)
Start importing Assets/Assets/Tiles/SPA_Rock_Grass_Water_3.asset using Guid(f8cc102a28d62d146997f72b4adc4a6a) Importer(815301076,1909f56bfc062723c751e8b465ee728b)  -> (artifact id: 'a54c91ca30ea36c8ff42decd8c81f2cf') in 0.008408 seconds 
  Import took 0.012162 seconds .

========================================================================
Received Import Request.
  Time since last request: 0.000182 seconds.
  path: Assets/Assets/Tiles/SPA_Background brown tint_6.asset
  artifactKey: Guid(428c2a8d5c599224a9a05049d495dd3f) Importer(815301076,1909f56bfc062723c751e8b465ee728b)
Start importing Assets/Assets/Tiles/SPA_Background brown tint_6.asset using Guid(428c2a8d5c599224a9a05049d495dd3f) Importer(815301076,1909f56bfc062723c751e8b465ee728b)  -> (artifact id: 'c155ed4afe9fc797e8cbec71d07dd01a') in 0.008912 seconds 
  Import took 0.012804 seconds .

========================================================================
Received Import Request.
  Time since last request: 0.000177 seconds.
  path: Assets/Assets/Tiles/SPA_Rock_Grass_Water_7.asset
  artifactKey: Guid(bc3dca112e56dc642b543eb5fae213f9) Importer(815301076,1909f56bfc062723c751e8b465ee728b)
Start importing Assets/Assets/Tiles/SPA_Rock_Grass_Water_7.asset using Guid(bc3dca112e56dc642b543eb5fae213f9) Importer(815301076,1909f56bfc062723c751e8b465ee728b)  -> (artifact id: '2fa54255de5c499b89bcb0924ee43cdc') in 0.008271 seconds 
  Import took 0.012175 seconds .

========================================================================
Received Import Request.
  Time since last request: 0.000198 seconds.
  path: Assets/Assets/Tiles/SPA_Rock_Grass_Water_10.asset
  artifactKey: Guid(dedbfb3f2bf6f824594092a70a0cdf3c) Importer(815301076,1909f56bfc062723c751e8b465ee728b)
Start importing Assets/Assets/Tiles/SPA_Rock_Grass_Water_10.asset using Guid(dedbfb3f2bf6f824594092a70a0cdf3c) Importer(815301076,1909f56bfc062723c751e8b465ee728b)  -> (artifact id: '7a7cb75fea5ee84db3f966329e904fab') in 0.008300 seconds 
  Import took 0.012390 seconds .

========================================================================
Received Import Request.
  Time since last request: 0.000183 seconds.
  path: Assets/Assets/Tiles/SPA_Rock_Grass_Water_12.asset
  artifactKey: Guid(2756c01f8ad50a64aac45dac30f6937a) Importer(815301076,1909f56bfc062723c751e8b465ee728b)
Start importing Assets/Assets/Tiles/SPA_Rock_Grass_Water_12.asset using Guid(2756c01f8ad50a64aac45dac30f6937a) Importer(815301076,1909f56bfc062723c751e8b465ee728b)  -> (artifact id: 'acc79dc24d9125b5e8c207186576d13d') in 0.008800 seconds 
  Import took 0.012583 seconds .

========================================================================
Received Import Request.
  Time since last request: 0.000179 seconds.
  path: Assets/Assets/Tiles/SPA_Background brown tint_9.asset
  artifactKey: Guid(ca8963e126bed8745bb5779d88676e42) Importer(815301076,1909f56bfc062723c751e8b465ee728b)
Start importing Assets/Assets/Tiles/SPA_Background brown tint_9.asset using Guid(ca8963e126bed8745bb5779d88676e42) Importer(815301076,1909f56bfc062723c751e8b465ee728b)  -> (artifact id: '7a42e00aeaca8f2fec5746acd58553b2') in 0.008240 seconds 
  Import took 0.011957 seconds .

========================================================================
Received Import Request.
  Time since last request: 0.000188 seconds.
  path: Assets/Assets/Tiles/SPA_Rock_Grass_Water_0.asset
  artifactKey: Guid(2621d9df0dafe57479663301cebdf7fd) Importer(815301076,1909f56bfc062723c751e8b465ee728b)
Start importing Assets/Assets/Tiles/SPA_Rock_Grass_Water_0.asset using Guid(2621d9df0dafe57479663301cebdf7fd) Importer(815301076,1909f56bfc062723c751e8b465ee728b)  -> (artifact id: '807d03dc67ce1122c9e54acb4ba70d30') in 0.010678 seconds 
  Import took 0.014730 seconds .

========================================================================
Received Import Request.
  Time since last request: 0.000192 seconds.
  path: Assets/Assets/Tiles/SPA_Background brown tint_14.asset
  artifactKey: Guid(478b8a4feb6fa664c83c13029b8a6949) Importer(815301076,1909f56bfc062723c751e8b465ee728b)
Start importing Assets/Assets/Tiles/SPA_Background brown tint_14.asset using Guid(478b8a4feb6fa664c83c13029b8a6949) Importer(815301076,1909f56bfc062723c751e8b465ee728b)  -> (artifact id: '0a16a51470074161d09c7c91b63acc3a') in 0.008281 seconds 
  Import took 0.012076 seconds .

========================================================================
Received Import Request.
  Time since last request: 0.000192 seconds.
  path: Assets/Assets/Tiles/SPA_Rock_Grass_Water_5.asset
  artifactKey: Guid(9a3b2868b63abd545bc77f8c4bcd2cc7) Importer(815301076,1909f56bfc062723c751e8b465ee728b)
Start importing Assets/Assets/Tiles/SPA_Rock_Grass_Water_5.asset using Guid(9a3b2868b63abd545bc77f8c4bcd2cc7) Importer(815301076,1909f56bfc062723c751e8b465ee728b)  -> (artifact id: 'f1cb4562dbcd3371cfca3c9bf73dd662') in 0.008169 seconds 
  Import took 0.012132 seconds .

========================================================================
Received Import Request.
  Time since last request: 0.000190 seconds.
  path: Assets/Assets/Tiles/SPA_Rock_Grass_Water_16.asset
  artifactKey: Guid(cc7edd8aa109deb4abbe6b0406180c76) Importer(815301076,1909f56bfc062723c751e8b465ee728b)
Start importing Assets/Assets/Tiles/SPA_Rock_Grass_Water_16.asset using Guid(cc7edd8aa109deb4abbe6b0406180c76) Importer(815301076,1909f56bfc062723c751e8b465ee728b)  -> (artifact id: '08c6d11cbcb7791a6ce0424b0163d70c') in 0.008806 seconds 
  Import took 0.012658 seconds .

========================================================================
Received Import Request.
  Time since last request: 0.000201 seconds.
  path: Assets/Assets/Tiles/SPA_Background brown tint_11.asset
  artifactKey: Guid(35aabaf850fbb3f4580c52af86cb37b3) Importer(815301076,1909f56bfc062723c751e8b465ee728b)
Start importing Assets/Assets/Tiles/SPA_Background brown tint_11.asset using Guid(35aabaf850fbb3f4580c52af86cb37b3) Importer(815301076,1909f56bfc062723c751e8b465ee728b)  -> (artifact id: 'f4eed107c53c844ecd87f26f70d3d37c') in 0.009882 seconds 
  Import took 0.014235 seconds .

========================================================================
Received Import Request.
  Time since last request: 0.000179 seconds.
  path: Assets/Assets/Tiles/SPA_Rock_Grass_Water_21.asset
  artifactKey: Guid(b50076f820fe1aa41a254de0663e2ae6) Importer(815301076,1909f56bfc062723c751e8b465ee728b)
Start importing Assets/Assets/Tiles/SPA_Rock_Grass_Water_21.asset using Guid(b50076f820fe1aa41a254de0663e2ae6) Importer(815301076,1909f56bfc062723c751e8b465ee728b)  -> (artifact id: '01717143aa7e01823b9763764f74bd61') in 0.008892 seconds 
  Import took 0.013023 seconds .

========================================================================
Received Import Request.
  Time since last request: 0.000203 seconds.
  path: Assets/Assets/Tiles/SPA_Background brown tint_3.asset
  artifactKey: Guid(725b50274bf4bc549b08fc9b074222fc) Importer(815301076,1909f56bfc062723c751e8b465ee728b)
Start importing Assets/Assets/Tiles/SPA_Background brown tint_3.asset using Guid(725b50274bf4bc549b08fc9b074222fc) Importer(815301076,1909f56bfc062723c751e8b465ee728b)  -> (artifact id: 'b58542620b09f8a010ffc706859095a6') in 0.008418 seconds 
  Import took 0.012573 seconds .

========================================================================
Received Import Request.
  Time since last request: 0.000198 seconds.
  path: Assets/Assets/Tiles/SPA_Rock_Grass_Water_14.asset
  artifactKey: Guid(a2eb71d6266f7964c90f18989799c057) Importer(815301076,1909f56bfc062723c751e8b465ee728b)
Start importing Assets/Assets/Tiles/SPA_Rock_Grass_Water_14.asset using Guid(a2eb71d6266f7964c90f18989799c057) Importer(815301076,1909f56bfc062723c751e8b465ee728b)  -> (artifact id: 'ba667fd06ac9b0fb4d2c4d759bdf725c') in 0.009085 seconds 
  Import took 0.013362 seconds .

========================================================================
Received Import Request.
  Time since last request: 0.000182 seconds.
  path: Assets/Assets/Tiles/SPA_Background brown tint_15.asset
  artifactKey: Guid(0d805ef4b73eb1b49a53f21d9073b554) Importer(815301076,1909f56bfc062723c751e8b465ee728b)
Start importing Assets/Assets/Tiles/SPA_Background brown tint_15.asset using Guid(0d805ef4b73eb1b49a53f21d9073b554) Importer(815301076,1909f56bfc062723c751e8b465ee728b)  -> (artifact id: '85bd9d1094609cc7025b6c33de5d3d4e') in 0.009603 seconds 
  Import took 0.013723 seconds .

========================================================================
Received Import Request.
  Time since last request: 0.000201 seconds.
  path: Assets/Assets/Tiles/SPA_Rock_Grass_Water_20.asset
  artifactKey: Guid(2e4d2ad5942f5a94bbf3a8388572a147) Importer(815301076,1909f56bfc062723c751e8b465ee728b)
Start importing Assets/Assets/Tiles/SPA_Rock_Grass_Water_20.asset using Guid(2e4d2ad5942f5a94bbf3a8388572a147) Importer(815301076,1909f56bfc062723c751e8b465ee728b)  -> (artifact id: '08fc80ccf3ae5eb585e2fefee599ee64') in 0.008539 seconds 
  Import took 0.012579 seconds .

========================================================================
Received Import Request.
  Time since last request: 0.000195 seconds.
  path: Assets/Assets/Tiles/SPA_Background brown tint_1.asset
  artifactKey: Guid(7940baa4bfbcedd4a8603a3d427f1a47) Importer(815301076,1909f56bfc062723c751e8b465ee728b)
Start importing Assets/Assets/Tiles/SPA_Background brown tint_1.asset using Guid(7940baa4bfbcedd4a8603a3d427f1a47) Importer(815301076,1909f56bfc062723c751e8b465ee728b)  -> (artifact id: 'cc79da4bc64572360224c067dd753317') in 0.008322 seconds 
  Import took 0.012307 seconds .

========================================================================
Received Import Request.
  Time since last request: 0.000190 seconds.
  path: Assets/Assets/Tiles/SPA_Rock_Grass_Water_15.asset
  artifactKey: Guid(77194671927e04542ac8d7d211e72bb2) Importer(815301076,1909f56bfc062723c751e8b465ee728b)
Start importing Assets/Assets/Tiles/SPA_Rock_Grass_Water_15.asset using Guid(77194671927e04542ac8d7d211e72bb2) Importer(815301076,1909f56bfc062723c751e8b465ee728b)  -> (artifact id: 'f6b40f22a217f590ad747da6a1be7a0f') in 0.009940 seconds 
  Import took 0.013896 seconds .

========================================================================
Received Import Request.
  Time since last request: 0.000193 seconds.
  path: Assets/Assets/Tiles/SPA_Rock_Grass_Water_11.asset
  artifactKey: Guid(ea87f1bf42bc26d48a2c3b83bb5e1ed1) Importer(815301076,1909f56bfc062723c751e8b465ee728b)
Start importing Assets/Assets/Tiles/SPA_Rock_Grass_Water_11.asset using Guid(ea87f1bf42bc26d48a2c3b83bb5e1ed1) Importer(815301076,1909f56bfc062723c751e8b465ee728b)  -> (artifact id: 'afbe1699ae4f6145c040982021adad6a') in 0.009317 seconds 
  Import took 0.013833 seconds .

========================================================================
Received Import Request.
  Time since last request: 0.000211 seconds.
  path: Assets/Assets/Tiles/SPA_Rock_Grass_Water_2.asset
  artifactKey: Guid(172a7a3e111a0204b9baaeed0015ada4) Importer(815301076,1909f56bfc062723c751e8b465ee728b)
Start importing Assets/Assets/Tiles/SPA_Rock_Grass_Water_2.asset using Guid(172a7a3e111a0204b9baaeed0015ada4) Importer(815301076,1909f56bfc062723c751e8b465ee728b)  -> (artifact id: '06b7c4f9d40451bee9a2b01532ee933b') in 0.008728 seconds 
  Import took 0.012858 seconds .

========================================================================
Received Import Request.
  Time since last request: 0.000223 seconds.
  path: Assets/Assets/Tiles/SPA_Rock_Grass_Water_19.asset
  artifactKey: Guid(bd06eab64b2cb0f4881cc487262604a8) Importer(815301076,1909f56bfc062723c751e8b465ee728b)
Start importing Assets/Assets/Tiles/SPA_Rock_Grass_Water_19.asset using Guid(bd06eab64b2cb0f4881cc487262604a8) Importer(815301076,1909f56bfc062723c751e8b465ee728b)  -> (artifact id: '1039f5806572148faef185779c046d8d') in 0.008563 seconds 
  Import took 0.012637 seconds .

========================================================================
Received Import Request.
  Time since last request: 0.000169 seconds.
  path: Assets/Assets/Tiles/SPA_Rock_Grass_Water_18.asset
  artifactKey: Guid(1ed608f30ca3e784cb6d75395a9a9bbc) Importer(815301076,1909f56bfc062723c751e8b465ee728b)
Start importing Assets/Assets/Tiles/SPA_Rock_Grass_Water_18.asset using Guid(1ed608f30ca3e784cb6d75395a9a9bbc) Importer(815301076,1909f56bfc062723c751e8b465ee728b)  -> (artifact id: 'a2faa5c4d747f4adc2a2c91e25c02253') in 0.008550 seconds 
  Import took 0.012538 seconds .

========================================================================
Received Import Request.
  Time since last request: 0.000200 seconds.
  path: Assets/Assets/Tiles/SPA_Background brown tint_12.asset
  artifactKey: Guid(61dae71bf6dcb164fa53e97429edcb16) Importer(815301076,1909f56bfc062723c751e8b465ee728b)
Start importing Assets/Assets/Tiles/SPA_Background brown tint_12.asset using Guid(61dae71bf6dcb164fa53e97429edcb16) Importer(815301076,1909f56bfc062723c751e8b465ee728b)  -> (artifact id: '6bb8b268d8700b27ba6b68ce631bef7c') in 0.008396 seconds 
  Import took 0.012655 seconds .

========================================================================
Received Import Request.
  Time since last request: 0.000217 seconds.
  path: Assets/Assets/Tiles/SPA_Background brown tint_4.asset
  artifactKey: Guid(c1bf8e1433449fd48a213b2fe13a1f64) Importer(815301076,1909f56bfc062723c751e8b465ee728b)
Start importing Assets/Assets/Tiles/SPA_Background brown tint_4.asset using Guid(c1bf8e1433449fd48a213b2fe13a1f64) Importer(815301076,1909f56bfc062723c751e8b465ee728b)  -> (artifact id: '249e14583ddc5a91f1216f3af7dedb5f') in 0.008124 seconds 
  Import took 0.012566 seconds .

========================================================================
Received Import Request.
  Time since last request: 0.000180 seconds.
  path: Assets/Assets/Tiles/SPA_Background brown tint_5.asset
  artifactKey: Guid(3c6d9bfecc09b4543b25c0cbdf8f81df) Importer(815301076,1909f56bfc062723c751e8b465ee728b)
Start importing Assets/Assets/Tiles/SPA_Background brown tint_5.asset using Guid(3c6d9bfecc09b4543b25c0cbdf8f81df) Importer(815301076,1909f56bfc062723c751e8b465ee728b)  -> (artifact id: '9771969c720b06a5e2569da167d3cec0') in 0.010181 seconds 
  Import took 0.014209 seconds .

========================================================================
Received Import Request.
  Time since last request: 0.000187 seconds.
  path: Assets/Assets/Tiles/SPA_Rock_Grass_Water_17.asset
  artifactKey: Guid(03446b9b4a37f8a459da7ccc511f95b1) Importer(815301076,1909f56bfc062723c751e8b465ee728b)
Start importing Assets/Assets/Tiles/SPA_Rock_Grass_Water_17.asset using Guid(03446b9b4a37f8a459da7ccc511f95b1) Importer(815301076,1909f56bfc062723c751e8b465ee728b)  -> (artifact id: '52a7da3c53ddcee937a26fb47815b5bc') in 0.009045 seconds 
  Import took 0.013344 seconds .

========================================================================
Received Import Request.
  Time since last request: 77.648249 seconds.
  path: ProjectSettings/TagManager.asset
  artifactKey: Guid(00000000000000003000000000000000) Importer(815301076,1909f56bfc062723c751e8b465ee728b)
Start importing ProjectSettings/TagManager.asset using Guid(00000000000000003000000000000000) Importer(815301076,1909f56bfc062723c751e8b465ee728b)  -> (artifact id: 'f6a4c3e836fe0d068d8aba005685c01a') in 0.003631 seconds 
  Import took 0.007924 seconds .

========================================================================
Received Import Request.
  Time since last request: 59.379975 seconds.
  path: Assets/Assets/Tiles/SPA_Rock_Grass_Water_23.asset
  artifactKey: Guid(d30023182f2b5424380e8d961c61cbce) Importer(815301076,1909f56bfc062723c751e8b465ee728b)
Start importing Assets/Assets/Tiles/SPA_Rock_Grass_Water_23.asset using Guid(d30023182f2b5424380e8d961c61cbce) Importer(815301076,1909f56bfc062723c751e8b465ee728b)  -> (artifact id: '13a1dfc05b1c1ade43d5ab32161033fa') in 0.013014 seconds 
  Import took 0.020259 seconds .

========================================================================
Received Import Request.
  Time since last request: 0.000224 seconds.
  path: Assets/Assets/Tiles/SPA_Rock_Grass_Water_26.asset
  artifactKey: Guid(185b577f0537b164ab80cea74b570017) Importer(815301076,1909f56bfc062723c751e8b465ee728b)
Start importing Assets/Assets/Tiles/SPA_Rock_Grass_Water_26.asset using Guid(185b577f0537b164ab80cea74b570017) Importer(815301076,1909f56bfc062723c751e8b465ee728b)  -> (artifact id: 'de9ec4a0a6bb7173ca1a33b32fd9b05b') in 0.009519 seconds 
  Import took 0.013929 seconds .

========================================================================
Received Import Request.
  Time since last request: 0.000211 seconds.
  path: Assets/Assets/Tiles/SPA_Rock_Grass_Water_27.asset
  artifactKey: Guid(a3aa83e4fecec5742b911274e8947aee) Importer(815301076,1909f56bfc062723c751e8b465ee728b)
Start importing Assets/Assets/Tiles/SPA_Rock_Grass_Water_27.asset using Guid(a3aa83e4fecec5742b911274e8947aee) Importer(815301076,1909f56bfc062723c751e8b465ee728b)  -> (artifact id: '83339305935a6e07d2227584ddbdeeff') in 0.014266 seconds 
  Import took 0.018448 seconds .

========================================================================
Received Import Request.
  Time since last request: 0.000197 seconds.
  path: Assets/Assets/Tiles/SPA_Rock_Grass_Water_24.asset
  artifactKey: Guid(eeff885fac27cbc4aa8d517c60eef760) Importer(815301076,1909f56bfc062723c751e8b465ee728b)
Start importing Assets/Assets/Tiles/SPA_Rock_Grass_Water_24.asset using Guid(eeff885fac27cbc4aa8d517c60eef760) Importer(815301076,1909f56bfc062723c751e8b465ee728b)  -> (artifact id: 'd3b74417468aeb6d740ba5a13e05e7bc') in 0.008478 seconds 
  Import took 0.012417 seconds .

========================================================================
Received Import Request.
  Time since last request: 0.000189 seconds.
  path: Assets/Assets/Tiles/SPA_Rock_Grass_Water_28.asset
  artifactKey: Guid(0d82f6026b8675d48a06781bfbd258fe) Importer(815301076,1909f56bfc062723c751e8b465ee728b)
Start importing Assets/Assets/Tiles/SPA_Rock_Grass_Water_28.asset using Guid(0d82f6026b8675d48a06781bfbd258fe) Importer(815301076,1909f56bfc062723c751e8b465ee728b)  -> (artifact id: '4aff80acf84983bcf1f3f85aceabb92f') in 0.008238 seconds 
  Import took 0.012238 seconds .

========================================================================
Received Import Request.
  Time since last request: 0.000199 seconds.
  path: Assets/Assets/Tiles/SPA_Rock_Grass_Water_25.asset
  artifactKey: Guid(18e6a7752f8c71a4e9d5e33b7486e20b) Importer(815301076,1909f56bfc062723c751e8b465ee728b)
Start importing Assets/Assets/Tiles/SPA_Rock_Grass_Water_25.asset using Guid(18e6a7752f8c71a4e9d5e33b7486e20b) Importer(815301076,1909f56bfc062723c751e8b465ee728b)  -> (artifact id: '7a1c0294fa397ef23d92dc3d77785fc9') in 0.008948 seconds 
  Import took 0.013048 seconds .

========================================================================
Received Import Request.
  Time since last request: 0.000221 seconds.
  path: Assets/Assets/Tiles/SPA_Rock_Grass_Water_29.asset
  artifactKey: Guid(480edb4adfdea064bb805efda0198770) Importer(815301076,1909f56bfc062723c751e8b465ee728b)
Start importing Assets/Assets/Tiles/SPA_Rock_Grass_Water_29.asset using Guid(480edb4adfdea064bb805efda0198770) Importer(815301076,1909f56bfc062723c751e8b465ee728b)  -> (artifact id: 'bd6419ab1d0a832141ee8942e7a27837') in 0.008431 seconds 
  Import took 0.012329 seconds .

========================================================================
Received Import Request.
  Time since last request: 17.236917 seconds.
  path: Assets/Assets.index
  artifactKey: Guid(8051bb12071902e4c926ed406e8cd691) Importer(815301076,1909f56bfc062723c751e8b465ee728b)
Start importing Assets/Assets.index using Guid(8051bb12071902e4c926ed406e8cd691) Importer(815301076,1909f56bfc062723c751e8b465ee728b)  -> (artifact id: '3ee249e85abbebe4e9211fb740124194') in 0.028977 seconds 
  Import took 0.033663 seconds .

========================================================================
Received Import Request.
  Time since last request: 3.817208 seconds.
  path: Assets/Animations
  artifactKey: Guid(739cce82e7d1a2d489087b1eea93a259) Importer(815301076,1909f56bfc062723c751e8b465ee728b)
Start importing Assets/Animations using Guid(739cce82e7d1a2d489087b1eea93a259) Importer(815301076,1909f56bfc062723c751e8b465ee728b)  -> (artifact id: '671f27111ceea5efa54ea82b8713b781') in 0.003001 seconds 
  Import took 0.007375 seconds .

========================================================================
Received Import Request.
  Time since last request: 0.053201 seconds.
  path: Assets/Animations/Exit Pixelated.png
  artifactKey: Guid(198f11838fe479e43bc6df7dc87f2780) Importer(815301076,1909f56bfc062723c751e8b465ee728b)
Start importing Assets/Animations/Exit Pixelated.png using Guid(198f11838fe479e43bc6df7dc87f2780) Importer(815301076,1909f56bfc062723c751e8b465ee728b)  -> (artifact id: '1866a0ac7afdd3fcac877e96a547ea10') in 0.059747 seconds 
  Import took 0.064456 seconds .

========================================================================
Received Import Request.
  Time since last request: 5.251204 seconds.
  path: Assets/Assets
  artifactKey: Guid(4859e514e7edbc44ea2844cac78f63e3) Importer(815301076,1909f56bfc062723c751e8b465ee728b)
Start importing Assets/Assets using Guid(4859e514e7edbc44ea2844cac78f63e3) Importer(815301076,1909f56bfc062723c751e8b465ee728b)  -> (artifact id: '293a4cb630ad7f8220790e94c9ceff1d') in 0.002609 seconds 
  Import took 0.007364 seconds .

========================================================================
Received Import Request.
  Time since last request: 1.043618 seconds.
  path: Assets/Assets/Sprites
  artifactKey: Guid(221feca0e41633d4c8bb3695e7a8513b) Importer(815301076,1909f56bfc062723c751e8b465ee728b)
Start importing Assets/Assets/Sprites using Guid(221feca0e41633d4c8bb3695e7a8513b) Importer(815301076,1909f56bfc062723c751e8b465ee728b)  -> (artifact id: 'cba1da0d0c11dfc1c11c8a9ea7e15f76') in 0.005022 seconds 
  Import took 0.009331 seconds .

========================================================================
Received Import Request.
  Time since last request: 0.042176 seconds.
  path: Assets/Assets/Sprites/Rule Tile.asset
  artifactKey: Guid(bba2426281264f247b67f930656c7bd4) Importer(815301076,1909f56bfc062723c751e8b465ee728b)
Start importing Assets/Assets/Sprites/Rule Tile.asset using Guid(bba2426281264f247b67f930656c7bd4) Importer(815301076,1909f56bfc062723c751e8b465ee728b)  -> (artifact id: '5694700b1a261139fc53914c5d082e7b') in 0.013155 seconds 
  Import took 0.017514 seconds .

========================================================================
Received Import Request.
  Time since last request: 0.000203 seconds.
  path: Assets/Assets/Sprites/SPA_Player_Ginger.png
  artifactKey: Guid(31901ffba62c91543a38c71c8632c963) Importer(815301076,1909f56bfc062723c751e8b465ee728b)
Start importing Assets/Assets/Sprites/SPA_Player_Ginger.png using Guid(31901ffba62c91543a38c71c8632c963) Importer(815301076,1909f56bfc062723c751e8b465ee728b)  -> (artifact id: '9a152f4e08b6152a738663a2072c418f') in 0.069006 seconds 
  Import took 0.072844 seconds .

========================================================================
Received Import Request.
  Time since last request: 0.000188 seconds.
  path: Assets/Assets/Sprites/SPA_Rock_Grass_Water.png
  artifactKey: Guid(8308c8b50a3ef72459f179fe97fadc42) Importer(815301076,1909f56bfc062723c751e8b465ee728b)
Start importing Assets/Assets/Sprites/SPA_Rock_Grass_Water.png using Guid(8308c8b50a3ef72459f179fe97fadc42) Importer(815301076,1909f56bfc062723c751e8b465ee728b)  -> (artifact id: '5dbd99d45bd58d784112a3d0b42e778a') in 0.075707 seconds 
  Import took 0.079689 seconds .

========================================================================
Received Import Request.
  Time since last request: 0.000195 seconds.
  path: Assets/Assets/Sprites/Spikes.png
  artifactKey: Guid(12c6a9cdb101679409cea16dc1dcae30) Importer(815301076,1909f56bfc062723c751e8b465ee728b)
Start importing Assets/Assets/Sprites/Spikes.png using Guid(12c6a9cdb101679409cea16dc1dcae30) Importer(815301076,1909f56bfc062723c751e8b465ee728b)  -> (artifact id: '299f5473ee2615a3e4f1463fc5462307') in 0.011987 seconds 
  Import took 0.015791 seconds .

========================================================================
Received Import Request.
  Time since last request: 0.000203 seconds.
  path: Assets/Assets/Sprites/SPA_Ladder.png
  artifactKey: Guid(83f957afdb74e134ebbe511bf7f7582e) Importer(815301076,1909f56bfc062723c751e8b465ee728b)
Start importing Assets/Assets/Sprites/SPA_Ladder.png using Guid(83f957afdb74e134ebbe511bf7f7582e) Importer(815301076,1909f56bfc062723c751e8b465ee728b)  -> (artifact id: '5a67419aac1ebc6143c5789e78b35249') in 0.011767 seconds 
  Import took 0.016795 seconds .

========================================================================
Received Import Request.
  Time since last request: 0.000197 seconds.
  path: Assets/Assets/Sprites/SPA_Background brown tint.png
  artifactKey: Guid(391bb9c0d3fa37f4ea7e4a36b27446d8) Importer(815301076,1909f56bfc062723c751e8b465ee728b)
Start importing Assets/Assets/Sprites/SPA_Background brown tint.png using Guid(391bb9c0d3fa37f4ea7e4a36b27446d8) Importer(815301076,1909f56bfc062723c751e8b465ee728b)  -> (artifact id: '3ab22ae7b25455f277dc0ef119fc0dfb') in 0.048939 seconds 
  Import took 0.052978 seconds .

========================================================================
Received Import Request.
  Time since last request: 0.000194 seconds.
  path: Assets/Assets/Sprites/SPA_Enemy_Right.png
  artifactKey: Guid(4d9c1650d538f2243b604cc78b17d364) Importer(815301076,1909f56bfc062723c751e8b465ee728b)
Start importing Assets/Assets/Sprites/SPA_Enemy_Right.png using Guid(4d9c1650d538f2243b604cc78b17d364) Importer(815301076,1909f56bfc062723c751e8b465ee728b)  -> (artifact id: 'd013464cdf0ed89c7524e3ddb596825f') in 0.030171 seconds 
  Import took 0.033998 seconds .

========================================================================
Received Import Request.
  Time since last request: 0.000195 seconds.
  path: Assets/Assets/Sprites/SPA_Coins.png
  artifactKey: Guid(e89d5ae87f8e02143aafc5eebd67950d) Importer(815301076,1909f56bfc062723c751e8b465ee728b)
Start importing Assets/Assets/Sprites/SPA_Coins.png using Guid(e89d5ae87f8e02143aafc5eebd67950d) Importer(815301076,1909f56bfc062723c751e8b465ee728b)  -> (artifact id: 'bad89e4f362b31f75f303a3db939e974') in 0.039291 seconds 
  Import took 0.043052 seconds .

========================================================================
Received Import Request.
  Time since last request: 18.897403 seconds.
  path: Assets/Assets/Materials
  artifactKey: Guid(2733f6f0fd1c9ea42982219fcb336f1a) Importer(815301076,1909f56bfc062723c751e8b465ee728b)
Start importing Assets/Assets/Materials using Guid(2733f6f0fd1c9ea42982219fcb336f1a) Importer(815301076,1909f56bfc062723c751e8b465ee728b)  -> (artifact id: '55314dbedfacd5ea2d6fc73a1bd638d9') in 0.002919 seconds 
  Import took 0.007311 seconds .

========================================================================
Received Import Request.
  Time since last request: 25.909330 seconds.
  path: Assets/Assets/Materials/Mat_SpeedBoost.mat
  artifactKey: Guid(9609c0f100a5a00419d274459083fc85) Importer(815301076,1909f56bfc062723c751e8b465ee728b)
Start importing Assets/Assets/Materials/Mat_SpeedBoost.mat using Guid(9609c0f100a5a00419d274459083fc85) Importer(815301076,1909f56bfc062723c751e8b465ee728b)  -> (artifact id: 'c7b396b44f018dfa9da22966e2f32829') in 0.045773 seconds 
  Import took 0.050335 seconds .

========================================================================
Received Import Request.
  Time since last request: 96.806089 seconds.
  path: Assets/Assets/Materials/Mat_SpeedBoost.mat
  artifactKey: Guid(9609c0f100a5a00419d274459083fc85) Importer(815301076,1909f56bfc062723c751e8b465ee728b)
Start importing Assets/Assets/Materials/Mat_SpeedBoost.mat using Guid(9609c0f100a5a00419d274459083fc85) Importer(815301076,1909f56bfc062723c751e8b465ee728b)  -> (artifact id: '54a4fd67edbdd1b3e914b8ad72608cfc') in 0.015985 seconds 
  Import took 0.020811 seconds .

========================================================================
Received Import Request.
  Time since last request: 151.589229 seconds.
  path: Assets/Assets/Materials/Mat_SpeedBoost.mat
  artifactKey: Guid(9609c0f100a5a00419d274459083fc85) Importer(815301076,1909f56bfc062723c751e8b465ee728b)
Start importing Assets/Assets/Materials/Mat_SpeedBoost.mat using Guid(9609c0f100a5a00419d274459083fc85) Importer(815301076,1909f56bfc062723c751e8b465ee728b)  -> (artifact id: 'dfc4e3b332fca010ac3dec0722faac38') in 0.010973 seconds 
  Import took 0.016168 seconds .

========================================================================
Received Import Request.
  Time since last request: 150.005473 seconds.
  path: Assets/Scripts
  artifactKey: Guid(21675fc392e8cdd42b97b4163957d500) Importer(815301076,1909f56bfc062723c751e8b465ee728b)
Start importing Assets/Scripts using Guid(21675fc392e8cdd42b97b4163957d500) Importer(815301076,1909f56bfc062723c751e8b465ee728b)  -> (artifact id: '64720fb5492f9f585674e4bed13385b7') in 0.004867 seconds 
  Import took 0.012887 seconds .

========================================================================
Received Import Request.
  Time since last request: 7.534980 seconds.
  path: Assets/Scripts/Player.cs
  artifactKey: Guid(fdf5e2a22f4e3db42b8e39f57315cccc) Importer(815301076,1909f56bfc062723c751e8b465ee728b)
Start importing Assets/Scripts/Player.cs using Guid(fdf5e2a22f4e3db42b8e39f57315cccc) Importer(815301076,1909f56bfc062723c751e8b465ee728b)  -> (artifact id: '75d71f4be7ccb088b3f68031b60193b4') in 0.003335 seconds 
  Import took 0.007887 seconds .

========================================================================
Received Prepare
Registering precompiled user dll's ...
Registered in 0.004088 seconds.
Begin MonoManager ReloadAssembly
Symbol file LoadedFromMemory doesn't match image C:\Users\ethan.VERIPRAISE\Documents\GitHub\Unity_Group_Project\PvP\Library\PackageCache\com.unity.collab-proxy@1.15.15\Lib\Editor\PlasticSCM\unityplastic.dll
Native extension for WindowsStandalone target not found
Native extension for WebGL target not found
Refreshing native plugins compatible for Editor in 0.76 ms, found 3 plugins.
Preloading 0 native plugins for Editor in 0.00 ms.
Mono: successfully reloaded assembly
- Completed reload, in  1.233 seconds
Domain Reload Profiling:
	ReloadAssembly (1233ms)
		BeginReloadAssembly (122ms)
			ExecutionOrderSort (0ms)
			DisableScriptedObjects (7ms)
			BackupInstance (0ms)
			ReleaseScriptingObjects (0ms)
			CreateAndSetChildDomain (40ms)
		EndReloadAssembly (1027ms)
			LoadAssemblies (109ms)
			RebuildTransferFunctionScriptingTraits (0ms)
			SetupTypeCache (345ms)
			ReleaseScriptCaches (1ms)
			RebuildScriptCaches (57ms)
			SetupLoadedEditorAssemblies (390ms)
				LogAssemblyErrors (0ms)
				InitializePlatformSupportModulesInManaged (5ms)
				SetLoadedEditorAssemblies (1ms)
				RefreshPlugins (1ms)
				BeforeProcessingInitializeOnLoad (77ms)
				ProcessInitializeOnLoadAttributes (282ms)
				ProcessInitializeOnLoadMethodAttributes (16ms)
				AfterProcessingInitializeOnLoad (9ms)
				EditorAssembliesLoaded (0ms)
			ExecutionOrderSort2 (0ms)
			AwakeInstancesAfterBackupRestoration (10ms)
Platform modules already initialized, skipping
Refreshing native plugins compatible for Editor in 0.74 ms, found 3 plugins.
Preloading 0 native plugins for Editor in 0.00 ms.
Unloading 2805 Unused Serialized files (Serialized files now loaded: 0)
System memory in use before: 121.1 MB.
System memory in use after: 121.3 MB.

Unloading 17 unused Assets to reduce memory usage. Loaded Objects now: 3318.
Total: 3.331800 ms (FindLiveObjects: 0.219000 ms CreateObjectMapping: 0.122000 ms MarkObjects: 2.965200 ms  DeleteObjects: 0.024400 ms)

AssetImportParameters requested are different than current active one (requested -> active):
  custom:framework-win-MediaFoundation: 216162199b28c13a410421893ffa2e32 -> 
  custom:video-decoder-ogg-theora: a1e56fd34408186e4bbccfd4996cb3dc -> 
  custom:container-muxer-webm: aa71ff27fc2769a1b78a27578f13a17b -> 
  custom:container-demuxer-webm: 4f35f7cbe854078d1ac9338744f61a02 -> 
  custom:container-demuxer-ogg: 62fdf1f143b41e24485cea50d1cbac27 -> 
  custom:video-encoder-webm-vp8: eb34c28f22e8b96e1ab97ce403110664 -> 
  custom:video-decoder-webm-vp8: 9c59270c3fd7afecdb556c50c9e8de78 -> 
  custom:audio-decoder-ogg-vorbis: bf7c407c2cedff20999df2af8eb42d56 -> 
  custom:audio-encoder-webm-vorbis: bf7c407c2cedff20999df2af8eb42d56 -> 
========================================================================
Received Import Request.
  Time since last request: 426.910319 seconds.
  path: Assets/Scripts/Player.cs
  artifactKey: Guid(fdf5e2a22f4e3db42b8e39f57315cccc) Importer(815301076,1909f56bfc062723c751e8b465ee728b)
Start importing Assets/Scripts/Player.cs using Guid(fdf5e2a22f4e3db42b8e39f57315cccc) Importer(815301076,1909f56bfc062723c751e8b465ee728b)  -> (artifact id: 'b9074e79a2aceb1c437e1030461c9878') in 0.007987 seconds 
  Import took 0.012883 seconds .

========================================================================
Received Import Request.
  Time since last request: 610.647664 seconds.
  path: Assets/Scripts/Player.cs
  artifactKey: Guid(fdf5e2a22f4e3db42b8e39f57315cccc) Importer(815301076,1909f56bfc062723c751e8b465ee728b)
Start importing Assets/Scripts/Player.cs using Guid(fdf5e2a22f4e3db42b8e39f57315cccc) Importer(815301076,1909f56bfc062723c751e8b465ee728b)  -> (artifact id: '888f75b56a7b53a50c6f8f179b244f74') in 0.002744 seconds 
  Import took 0.007681 seconds .

========================================================================
Received Import Request.
  Time since last request: 39.526783 seconds.
  path: Assets/Scripts/PowerUp.cs
  artifactKey: Guid(23a32d4b89ec868429342aa46c503712) Importer(815301076,1909f56bfc062723c751e8b465ee728b)
Start importing Assets/Scripts/PowerUp.cs using Guid(23a32d4b89ec868429342aa46c503712) Importer(815301076,1909f56bfc062723c751e8b465ee728b)  -> (artifact id: 'fb17182448ada75eee5fe013db10106c') in 0.003004 seconds 
  Import took 0.007469 seconds .

========================================================================
Received Prepare
Registering precompiled user dll's ...
Registered in 0.004201 seconds.
Begin MonoManager ReloadAssembly
Symbol file LoadedFromMemory doesn't match image C:\Users\ethan.VERIPRAISE\Documents\GitHub\Unity_Group_Project\PvP\Library\PackageCache\com.unity.collab-proxy@1.15.15\Lib\Editor\PlasticSCM\unityplastic.dll
Native extension for WindowsStandalone target not found
Native extension for WebGL target not found
Refreshing native plugins compatible for Editor in 0.74 ms, found 3 plugins.
Preloading 0 native plugins for Editor in 0.00 ms.
Mono: successfully reloaded assembly
- Completed reload, in  1.174 seconds
Domain Reload Profiling:
	ReloadAssembly (1175ms)
		BeginReloadAssembly (124ms)
			ExecutionOrderSort (0ms)
			DisableScriptedObjects (7ms)
			BackupInstance (0ms)
			ReleaseScriptingObjects (0ms)
			CreateAndSetChildDomain (39ms)
		EndReloadAssembly (981ms)
			LoadAssemblies (105ms)
			RebuildTransferFunctionScriptingTraits (0ms)
			SetupTypeCache (321ms)
			ReleaseScriptCaches (1ms)
			RebuildScriptCaches (54ms)
			SetupLoadedEditorAssemblies (382ms)
				LogAssemblyErrors (0ms)
				InitializePlatformSupportModulesInManaged (5ms)
				SetLoadedEditorAssemblies (1ms)
				RefreshPlugins (1ms)
				BeforeProcessingInitializeOnLoad (75ms)
				ProcessInitializeOnLoadAttributes (276ms)
				ProcessInitializeOnLoadMethodAttributes (15ms)
				AfterProcessingInitializeOnLoad (9ms)
				EditorAssembliesLoaded (0ms)
			ExecutionOrderSort2 (0ms)
			AwakeInstancesAfterBackupRestoration (9ms)
Platform modules already initialized, skipping
Refreshing native plugins compatible for Editor in 0.71 ms, found 3 plugins.
Preloading 0 native plugins for Editor in 0.00 ms.
Unloading 2806 Unused Serialized files (Serialized files now loaded: 0)
System memory in use before: 121.1 MB.
System memory in use after: 121.3 MB.

Unloading 16 unused Assets to reduce memory usage. Loaded Objects now: 3322.
Total: 3.182200 ms (FindLiveObjects: 0.210100 ms CreateObjectMapping: 0.101300 ms MarkObjects: 2.853600 ms  DeleteObjects: 0.016000 ms)

AssetImportParameters requested are different than current active one (requested -> active):
  custom:framework-win-MediaFoundation: 216162199b28c13a410421893ffa2e32 -> 
  custom:video-decoder-ogg-theora: a1e56fd34408186e4bbccfd4996cb3dc -> 
  custom:container-muxer-webm: aa71ff27fc2769a1b78a27578f13a17b -> 
  custom:container-demuxer-webm: 4f35f7cbe854078d1ac9338744f61a02 -> 
  custom:container-demuxer-ogg: 62fdf1f143b41e24485cea50d1cbac27 -> 
  custom:video-encoder-webm-vp8: eb34c28f22e8b96e1ab97ce403110664 -> 
  custom:video-decoder-webm-vp8: 9c59270c3fd7afecdb556c50c9e8de78 -> 
  custom:audio-decoder-ogg-vorbis: bf7c407c2cedff20999df2af8eb42d56 -> 
  custom:audio-encoder-webm-vorbis: bf7c407c2cedff20999df2af8eb42d56 -> 
========================================================================
Received Import Request.
  Time since last request: 477.128169 seconds.
  path: ProjectSettings/TagManager.asset
  artifactKey: Guid(00000000000000003000000000000000) Importer(815301076,1909f56bfc062723c751e8b465ee728b)
Start importing ProjectSettings/TagManager.asset using Guid(00000000000000003000000000000000) Importer(815301076,1909f56bfc062723c751e8b465ee728b)  -> (artifact id: '6f2a84cd9f8e530f29b3e11ca9fe216e') in 0.018900 seconds 
  Import took 0.024072 seconds .

========================================================================
Received Prepare
Registering precompiled user dll's ...
Registered in 0.004155 seconds.
Begin MonoManager ReloadAssembly
Symbol file LoadedFromMemory doesn't match image C:\Users\ethan.VERIPRAISE\Documents\GitHub\Unity_Group_Project\PvP\Library\PackageCache\com.unity.collab-proxy@1.15.15\Lib\Editor\PlasticSCM\unityplastic.dll
Native extension for WindowsStandalone target not found
Native extension for WebGL target not found
Refreshing native plugins compatible for Editor in 0.73 ms, found 3 plugins.
Preloading 0 native plugins for Editor in 0.00 ms.
Mono: successfully reloaded assembly
- Completed reload, in  1.185 seconds
Domain Reload Profiling:
	ReloadAssembly (1186ms)
		BeginReloadAssembly (121ms)
			ExecutionOrderSort (0ms)
			DisableScriptedObjects (7ms)
			BackupInstance (0ms)
			ReleaseScriptingObjects (0ms)
			CreateAndSetChildDomain (38ms)
		EndReloadAssembly (994ms)
			LoadAssemblies (105ms)
			RebuildTransferFunctionScriptingTraits (0ms)
			SetupTypeCache (328ms)
			ReleaseScriptCaches (1ms)
			RebuildScriptCaches (55ms)
			SetupLoadedEditorAssemblies (384ms)
				LogAssemblyErrors (0ms)
				InitializePlatformSupportModulesInManaged (5ms)
				SetLoadedEditorAssemblies (1ms)
				RefreshPlugins (1ms)
				BeforeProcessingInitializeOnLoad (75ms)
				ProcessInitializeOnLoadAttributes (277ms)
				ProcessInitializeOnLoadMethodAttributes (16ms)
				AfterProcessingInitializeOnLoad (9ms)
				EditorAssembliesLoaded (0ms)
			ExecutionOrderSort2 (0ms)
			AwakeInstancesAfterBackupRestoration (10ms)
Platform modules already initialized, skipping
Refreshing native plugins compatible for Editor in 0.72 ms, found 3 plugins.
Preloading 0 native plugins for Editor in 0.00 ms.
Unloading 2806 Unused Serialized files (Serialized files now loaded: 0)
System memory in use before: 121.1 MB.
System memory in use after: 121.3 MB.

Unloading 17 unused Assets to reduce memory usage. Loaded Objects now: 3325.
Total: 3.276100 ms (FindLiveObjects: 0.210100 ms CreateObjectMapping: 0.100600 ms MarkObjects: 2.945800 ms  DeleteObjects: 0.018300 ms)

AssetImportParameters requested are different than current active one (requested -> active):
  custom:framework-win-MediaFoundation: 216162199b28c13a410421893ffa2e32 -> 
  custom:video-decoder-ogg-theora: a1e56fd34408186e4bbccfd4996cb3dc -> 
  custom:container-muxer-webm: aa71ff27fc2769a1b78a27578f13a17b -> 
  custom:container-demuxer-webm: 4f35f7cbe854078d1ac9338744f61a02 -> 
  custom:container-demuxer-ogg: 62fdf1f143b41e24485cea50d1cbac27 -> 
  custom:video-encoder-webm-vp8: eb34c28f22e8b96e1ab97ce403110664 -> 
  custom:video-decoder-webm-vp8: 9c59270c3fd7afecdb556c50c9e8de78 -> 
  custom:audio-decoder-ogg-vorbis: bf7c407c2cedff20999df2af8eb42d56 -> 
  custom:audio-encoder-webm-vorbis: bf7c407c2cedff20999df2af8eb42d56 -> 
========================================================================
Received Import Request.
  Time since last request: 309.050952 seconds.
  path: Assets/Prefabs/PowerUp.prefab
  artifactKey: Guid(6f88d07967efd17498d255e066b2344b) Importer(815301076,1909f56bfc062723c751e8b465ee728b)
Start importing Assets/Prefabs/PowerUp.prefab using Guid(6f88d07967efd17498d255e066b2344b) Importer(815301076,1909f56bfc062723c751e8b465ee728b)  -> (artifact id: '204e62e52a69a527d8bc4235c69cfbd9') in 0.063857 seconds 
  Import took 0.068538 seconds .

========================================================================
Received Prepare
Registering precompiled user dll's ...
Registered in 0.004036 seconds.
Begin MonoManager ReloadAssembly
Symbol file LoadedFromMemory doesn't match image C:\Users\ethan.VERIPRAISE\Documents\GitHub\Unity_Group_Project\PvP\Library\PackageCache\com.unity.collab-proxy@1.15.15\Lib\Editor\PlasticSCM\unityplastic.dll
Native extension for WindowsStandalone target not found
Native extension for WebGL target not found
Refreshing native plugins compatible for Editor in 0.73 ms, found 3 plugins.
Preloading 0 native plugins for Editor in 0.00 ms.
Mono: successfully reloaded assembly
- Completed reload, in  1.179 seconds
Domain Reload Profiling:
	ReloadAssembly (1179ms)
		BeginReloadAssembly (118ms)
			ExecutionOrderSort (0ms)
			DisableScriptedObjects (7ms)
			BackupInstance (0ms)
			ReleaseScriptingObjects (0ms)
			CreateAndSetChildDomain (36ms)
		EndReloadAssembly (991ms)
			LoadAssemblies (105ms)
			RebuildTransferFunctionScriptingTraits (0ms)
			SetupTypeCache (325ms)
			ReleaseScriptCaches (1ms)
			RebuildScriptCaches (54ms)
			SetupLoadedEditorAssemblies (386ms)
				LogAssemblyErrors (0ms)
				InitializePlatformSupportModulesInManaged (5ms)
				SetLoadedEditorAssemblies (1ms)
				RefreshPlugins (1ms)
				BeforeProcessingInitializeOnLoad (76ms)
				ProcessInitializeOnLoadAttributes (278ms)
				ProcessInitializeOnLoadMethodAttributes (15ms)
				AfterProcessingInitializeOnLoad (9ms)
				EditorAssembliesLoaded (0ms)
			ExecutionOrderSort2 (0ms)
			AwakeInstancesAfterBackupRestoration (9ms)
Platform modules already initialized, skipping
Refreshing native plugins compatible for Editor in 0.67 ms, found 3 plugins.
Preloading 0 native plugins for Editor in 0.00 ms.
Unloading 2806 Unused Serialized files (Serialized files now loaded: 0)
System memory in use before: 121.1 MB.
System memory in use after: 121.4 MB.

Unloading 16 unused Assets to reduce memory usage. Loaded Objects now: 3330.
Total: 3.219600 ms (FindLiveObjects: 0.207300 ms CreateObjectMapping: 0.105800 ms MarkObjects: 2.888700 ms  DeleteObjects: 0.016300 ms)

AssetImportParameters requested are different than current active one (requested -> active):
  custom:framework-win-MediaFoundation: 216162199b28c13a410421893ffa2e32 -> 
  custom:video-decoder-ogg-theora: a1e56fd34408186e4bbccfd4996cb3dc -> 
  custom:container-muxer-webm: aa71ff27fc2769a1b78a27578f13a17b -> 
  custom:container-demuxer-webm: 4f35f7cbe854078d1ac9338744f61a02 -> 
  custom:container-demuxer-ogg: 62fdf1f143b41e24485cea50d1cbac27 -> 
  custom:video-encoder-webm-vp8: eb34c28f22e8b96e1ab97ce403110664 -> 
  custom:video-decoder-webm-vp8: 9c59270c3fd7afecdb556c50c9e8de78 -> 
  custom:audio-decoder-ogg-vorbis: bf7c407c2cedff20999df2af8eb42d56 -> 
  custom:audio-encoder-webm-vorbis: bf7c407c2cedff20999df2af8eb42d56 -> 
AssetImportWorkerClient::OnTransportError - code=2 error=End of file
